2019-07-06 23:08:07,126 - Log4JLogChute initialized using file 'velocity.log'
2019-07-06 23:08:07,126 - Initializing Velocity, Calling init()...
2019-07-06 23:08:07,126 - Starting Apache Velocity v1.7 (compiled: 2010-11-19 12:14:37)
2019-07-06 23:08:07,126 - Default Properties File: org\apache\velocity\runtime\defaults\velocity.properties
2019-07-06 23:08:07,126 - Trying to use logger class org.apache.velocity.runtime.log.AvalonLogChute
2019-07-06 23:08:07,126 - Target log system for org.apache.velocity.runtime.log.AvalonLogChute is not available (java.lang.NoClassDefFoundError: org/apache/log/format/Formatter).  Falling back to next log system...
2019-07-06 23:08:07,126 - Trying to use logger class org.apache.velocity.runtime.log.Log4JLogChute
2019-07-06 23:08:07,127 - Using logger class org.apache.velocity.runtime.log.Log4JLogChute
2019-07-06 23:08:07,129 - ResourceLoader instantiated: org.apache.velocity.runtime.resource.loader.ClasspathResourceLoader
2019-07-06 23:08:07,134 - ResourceCache: initialized (class org.apache.velocity.runtime.resource.ResourceCacheImpl) with class java.util.Collections$SynchronizedMap cache map.
2019-07-06 23:08:07,135 - Loaded System Directive: org.apache.velocity.runtime.directive.Stop
2019-07-06 23:08:07,136 - Loaded System Directive: org.apache.velocity.runtime.directive.Define
2019-07-06 23:08:07,136 - Loaded System Directive: org.apache.velocity.runtime.directive.Break
2019-07-06 23:08:07,137 - Loaded System Directive: org.apache.velocity.runtime.directive.Evaluate
2019-07-06 23:08:07,137 - Loaded System Directive: org.apache.velocity.runtime.directive.Literal
2019-07-06 23:08:07,138 - Loaded System Directive: org.apache.velocity.runtime.directive.Macro
2019-07-06 23:08:07,139 - Loaded System Directive: org.apache.velocity.runtime.directive.Parse
2019-07-06 23:08:07,141 - Loaded System Directive: org.apache.velocity.runtime.directive.Include
2019-07-06 23:08:07,141 - Loaded System Directive: org.apache.velocity.runtime.directive.Foreach
2019-07-06 23:08:07,157 - Created '20' parsers.
2019-07-06 23:08:07,161 - Velocimacro : "velocimacro.library" is not set.  Trying default library: VM_global_library.vm
2019-07-06 23:08:07,161 - Could not load resource 'VM_global_library.vm' from ResourceLoader org.apache.velocity.runtime.resource.loader.ClasspathResourceLoader: ClasspathResourceLoader Error: cannot find resource VM_global_library.vm
2019-07-06 23:08:07,161 - Velocimacro : Default library not found.
2019-07-06 23:08:07,161 - Velocimacro : allowInline = true : VMs can be defined inline in templates
2019-07-06 23:08:07,162 - Velocimacro : allowInlineToOverride = false : VMs defined inline may NOT replace previous VM definitions
2019-07-06 23:08:07,162 - Velocimacro : allowInlineLocal = false : VMs defined inline will be global in scope if allowed.
2019-07-06 23:08:07,162 - Velocimacro : autoload off : VM system will not automatically reload global library macros
2019-07-06 23:08:07,179 - ResourceManager : found codetemplate/Entity.java.vm with loader org.apache.velocity.runtime.resource.loader.ClasspathResourceLoader
2019-07-06 23:08:07,190 - ResourceManager : found codetemplate/Mapper.java.vm with loader org.apache.velocity.runtime.resource.loader.ClasspathResourceLoader
2019-07-06 23:08:07,191 - ResourceManager : found codetemplate/Mapper.xml.vm with loader org.apache.velocity.runtime.resource.loader.ClasspathResourceLoader
2019-07-06 23:08:07,191 - ResourceManager : found codetemplate/Service.java.vm with loader org.apache.velocity.runtime.resource.loader.ClasspathResourceLoader
2019-07-06 23:08:07,195 - ResourceManager : found codetemplate/ServiceImpl.java.vm with loader org.apache.velocity.runtime.resource.loader.ClasspathResourceLoader
2019-07-06 23:08:07,195 - Null reference [template 'codetemplate/ServiceImpl.java.vm', line 1, column 20] : ${moduleName} cannot be resolved.
2019-07-06 23:08:07,201 - ResourceManager : found codetemplate/Controller.java.vm with loader org.apache.velocity.runtime.resource.loader.ClasspathResourceLoader
2019-07-06 23:08:07,206 - ResourceManager : found codetemplate/list.html.vm with loader org.apache.velocity.runtime.resource.loader.ClasspathResourceLoader
2019-07-06 23:08:07,215 - ResourceManager : found codetemplate/list.js.vm with loader org.apache.velocity.runtime.resource.loader.ClasspathResourceLoader
2019-07-06 23:08:07,223 - ResourceManager : found codetemplate/info.html.vm with loader org.apache.velocity.runtime.resource.loader.ClasspathResourceLoader
2019-07-06 23:08:07,229 - ResourceManager : found codetemplate/info.js.vm with loader org.apache.velocity.runtime.resource.loader.ClasspathResourceLoader
2019-07-06 23:08:07,233 - ResourceManager : found codetemplate/menu.sql.vm with loader org.apache.velocity.runtime.resource.loader.ClasspathResourceLoader
2019-07-07 00:34:09,767 - Log4JLogChute initialized using file 'velocity.log'
2019-07-07 00:34:09,767 - Initializing Velocity, Calling init()...
2019-07-07 00:34:09,767 - Starting Apache Velocity v1.7 (compiled: 2010-11-19 12:14:37)
2019-07-07 00:34:09,767 - Default Properties File: org\apache\velocity\runtime\defaults\velocity.properties
2019-07-07 00:34:09,767 - Trying to use logger class org.apache.velocity.runtime.log.AvalonLogChute
2019-07-07 00:34:09,767 - Target log system for org.apache.velocity.runtime.log.AvalonLogChute is not available (java.lang.NoClassDefFoundError: org/apache/log/format/Formatter).  Falling back to next log system...
2019-07-07 00:34:09,767 - Trying to use logger class org.apache.velocity.runtime.log.Log4JLogChute
2019-07-07 00:34:09,767 - Using logger class org.apache.velocity.runtime.log.Log4JLogChute
2019-07-07 00:34:09,769 - ResourceLoader instantiated: org.apache.velocity.runtime.resource.loader.ClasspathResourceLoader
2019-07-07 00:34:09,774 - ResourceCache: initialized (class org.apache.velocity.runtime.resource.ResourceCacheImpl) with class java.util.Collections$SynchronizedMap cache map.
2019-07-07 00:34:09,776 - Loaded System Directive: org.apache.velocity.runtime.directive.Stop
2019-07-07 00:34:09,776 - Loaded System Directive: org.apache.velocity.runtime.directive.Define
2019-07-07 00:34:09,777 - Loaded System Directive: org.apache.velocity.runtime.directive.Break
2019-07-07 00:34:09,777 - Loaded System Directive: org.apache.velocity.runtime.directive.Evaluate
2019-07-07 00:34:09,777 - Loaded System Directive: org.apache.velocity.runtime.directive.Literal
2019-07-07 00:34:09,778 - Loaded System Directive: org.apache.velocity.runtime.directive.Macro
2019-07-07 00:34:09,779 - Loaded System Directive: org.apache.velocity.runtime.directive.Parse
2019-07-07 00:34:09,779 - Loaded System Directive: org.apache.velocity.runtime.directive.Include
2019-07-07 00:34:09,780 - Loaded System Directive: org.apache.velocity.runtime.directive.Foreach
2019-07-07 00:34:09,795 - Created '20' parsers.
2019-07-07 00:34:09,797 - Velocimacro : "velocimacro.library" is not set.  Trying default library: VM_global_library.vm
2019-07-07 00:34:09,798 - Could not load resource 'VM_global_library.vm' from ResourceLoader org.apache.velocity.runtime.resource.loader.ClasspathResourceLoader: ClasspathResourceLoader Error: cannot find resource VM_global_library.vm
2019-07-07 00:34:09,798 - Velocimacro : Default library not found.
2019-07-07 00:34:09,798 - Velocimacro : allowInline = true : VMs can be defined inline in templates
2019-07-07 00:34:09,798 - Velocimacro : allowInlineToOverride = false : VMs defined inline may NOT replace previous VM definitions
2019-07-07 00:34:09,798 - Velocimacro : allowInlineLocal = false : VMs defined inline will be global in scope if allowed.
2019-07-07 00:34:09,798 - Velocimacro : autoload off : VM system will not automatically reload global library macros
2019-07-07 00:34:09,810 - ResourceManager : found codetemplate/Entity.java.vm with loader org.apache.velocity.runtime.resource.loader.ClasspathResourceLoader
2019-07-07 00:34:09,820 - ResourceManager : found codetemplate/Mapper.java.vm with loader org.apache.velocity.runtime.resource.loader.ClasspathResourceLoader
2019-07-07 00:34:09,821 - ResourceManager : found codetemplate/Mapper.xml.vm with loader org.apache.velocity.runtime.resource.loader.ClasspathResourceLoader
2019-07-07 00:34:09,822 - ResourceManager : found codetemplate/Service.java.vm with loader org.apache.velocity.runtime.resource.loader.ClasspathResourceLoader
2019-07-07 00:34:09,823 - ResourceManager : found codetemplate/ServiceImpl.java.vm with loader org.apache.velocity.runtime.resource.loader.ClasspathResourceLoader
2019-07-07 00:34:09,823 - Null reference [template 'codetemplate/ServiceImpl.java.vm', line 1, column 20] : ${moduleName} cannot be resolved.
2019-07-07 00:34:09,824 - ResourceManager : found codetemplate/Controller.java.vm with loader org.apache.velocity.runtime.resource.loader.ClasspathResourceLoader
2019-07-07 00:34:09,826 - ResourceManager : found codetemplate/list.html.vm with loader org.apache.velocity.runtime.resource.loader.ClasspathResourceLoader
2019-07-07 00:34:09,828 - ResourceManager : found codetemplate/list.js.vm with loader org.apache.velocity.runtime.resource.loader.ClasspathResourceLoader
2019-07-07 00:34:09,833 - ResourceManager : found codetemplate/info.html.vm with loader org.apache.velocity.runtime.resource.loader.ClasspathResourceLoader
2019-07-07 00:34:09,833 - ResourceManager : found codetemplate/info.js.vm with loader org.apache.velocity.runtime.resource.loader.ClasspathResourceLoader
2019-07-07 00:34:09,834 - ResourceManager : found codetemplate/menu.sql.vm with loader org.apache.velocity.runtime.resource.loader.ClasspathResourceLoader
2019-07-07 01:44:06,889 - Log4JLogChute initialized using file 'velocity.log'
2019-07-07 01:44:06,889 - Initializing Velocity, Calling init()...
2019-07-07 01:44:06,889 - Starting Apache Velocity v1.7 (compiled: 2010-11-19 12:14:37)
2019-07-07 01:44:06,889 - Default Properties File: org\apache\velocity\runtime\defaults\velocity.properties
2019-07-07 01:44:06,889 - Trying to use logger class org.apache.velocity.runtime.log.AvalonLogChute
2019-07-07 01:44:06,889 - Target log system for org.apache.velocity.runtime.log.AvalonLogChute is not available (java.lang.NoClassDefFoundError: org/apache/log/format/Formatter).  Falling back to next log system...
2019-07-07 01:44:06,889 - Trying to use logger class org.apache.velocity.runtime.log.Log4JLogChute
2019-07-07 01:44:06,889 - Using logger class org.apache.velocity.runtime.log.Log4JLogChute
2019-07-07 01:44:06,893 - ResourceLoader instantiated: org.apache.velocity.runtime.resource.loader.ClasspathResourceLoader
2019-07-07 01:44:06,898 - ResourceCache: initialized (class org.apache.velocity.runtime.resource.ResourceCacheImpl) with class java.util.Collections$SynchronizedMap cache map.
2019-07-07 01:44:06,899 - Loaded System Directive: org.apache.velocity.runtime.directive.Stop
2019-07-07 01:44:06,900 - Loaded System Directive: org.apache.velocity.runtime.directive.Define
2019-07-07 01:44:06,900 - Loaded System Directive: org.apache.velocity.runtime.directive.Break
2019-07-07 01:44:06,901 - Loaded System Directive: org.apache.velocity.runtime.directive.Evaluate
2019-07-07 01:44:06,901 - Loaded System Directive: org.apache.velocity.runtime.directive.Literal
2019-07-07 01:44:06,902 - Loaded System Directive: org.apache.velocity.runtime.directive.Macro
2019-07-07 01:44:06,903 - Loaded System Directive: org.apache.velocity.runtime.directive.Parse
2019-07-07 01:44:06,903 - Loaded System Directive: org.apache.velocity.runtime.directive.Include
2019-07-07 01:44:06,904 - Loaded System Directive: org.apache.velocity.runtime.directive.Foreach
2019-07-07 01:44:06,924 - Created '20' parsers.
2019-07-07 01:44:06,929 - Velocimacro : "velocimacro.library" is not set.  Trying default library: VM_global_library.vm
2019-07-07 01:44:06,929 - Could not load resource 'VM_global_library.vm' from ResourceLoader org.apache.velocity.runtime.resource.loader.ClasspathResourceLoader: ClasspathResourceLoader Error: cannot find resource VM_global_library.vm
2019-07-07 01:44:06,929 - Velocimacro : Default library not found.
2019-07-07 01:44:06,929 - Velocimacro : allowInline = true : VMs can be defined inline in templates
2019-07-07 01:44:06,929 - Velocimacro : allowInlineToOverride = false : VMs defined inline may NOT replace previous VM definitions
2019-07-07 01:44:06,929 - Velocimacro : allowInlineLocal = false : VMs defined inline will be global in scope if allowed.
2019-07-07 01:44:06,929 - Velocimacro : autoload off : VM system will not automatically reload global library macros
2019-07-07 01:44:06,941 - ResourceManager : found codetemplate/Entity.java.vm with loader org.apache.velocity.runtime.resource.loader.ClasspathResourceLoader
2019-07-07 01:44:06,952 - ResourceManager : found codetemplate/Mapper.java.vm with loader org.apache.velocity.runtime.resource.loader.ClasspathResourceLoader
2019-07-07 01:44:06,952 - ResourceManager : found codetemplate/Mapper.xml.vm with loader org.apache.velocity.runtime.resource.loader.ClasspathResourceLoader
2019-07-07 01:44:06,953 - ResourceManager : found codetemplate/Service.java.vm with loader org.apache.velocity.runtime.resource.loader.ClasspathResourceLoader
2019-07-07 01:44:06,954 - ResourceManager : found codetemplate/ServiceImpl.java.vm with loader org.apache.velocity.runtime.resource.loader.ClasspathResourceLoader
2019-07-07 01:44:06,954 - Null reference [template 'codetemplate/ServiceImpl.java.vm', line 1, column 20] : ${moduleName} cannot be resolved.
2019-07-07 01:44:06,956 - ResourceManager : found codetemplate/Controller.java.vm with loader org.apache.velocity.runtime.resource.loader.ClasspathResourceLoader
2019-07-07 01:44:06,956 - ResourceManager : found codetemplate/list.html.vm with loader org.apache.velocity.runtime.resource.loader.ClasspathResourceLoader
2019-07-07 01:44:06,960 - ResourceManager : found codetemplate/list.js.vm with loader org.apache.velocity.runtime.resource.loader.ClasspathResourceLoader
2019-07-07 01:44:06,966 - ResourceManager : found codetemplate/info.html.vm with loader org.apache.velocity.runtime.resource.loader.ClasspathResourceLoader
2019-07-07 01:44:06,967 - ResourceManager : found codetemplate/info.js.vm with loader org.apache.velocity.runtime.resource.loader.ClasspathResourceLoader
2019-07-07 01:44:06,967 - ResourceManager : found codetemplate/menu.sql.vm with loader org.apache.velocity.runtime.resource.loader.ClasspathResourceLoader
2019-07-07 12:32:42,138 - Log4JLogChute initialized using file 'velocity.log'
2019-07-07 12:32:42,138 - Initializing Velocity, Calling init()...
2019-07-07 12:32:42,138 - Starting Apache Velocity v1.7 (compiled: 2010-11-19 12:14:37)
2019-07-07 12:32:42,138 - Default Properties File: org\apache\velocity\runtime\defaults\velocity.properties
2019-07-07 12:32:42,138 - Trying to use logger class org.apache.velocity.runtime.log.AvalonLogChute
2019-07-07 12:32:42,138 - Target log system for org.apache.velocity.runtime.log.AvalonLogChute is not available (java.lang.NoClassDefFoundError: org/apache/log/format/Formatter).  Falling back to next log system...
2019-07-07 12:32:42,138 - Trying to use logger class org.apache.velocity.runtime.log.Log4JLogChute
2019-07-07 12:32:42,138 - Using logger class org.apache.velocity.runtime.log.Log4JLogChute
2019-07-07 12:32:42,141 - ResourceLoader instantiated: org.apache.velocity.runtime.resource.loader.ClasspathResourceLoader
2019-07-07 12:32:42,146 - ResourceCache: initialized (class org.apache.velocity.runtime.resource.ResourceCacheImpl) with class java.util.Collections$SynchronizedMap cache map.
2019-07-07 12:32:42,147 - Loaded System Directive: org.apache.velocity.runtime.directive.Stop
2019-07-07 12:32:42,148 - Loaded System Directive: org.apache.velocity.runtime.directive.Define
2019-07-07 12:32:42,149 - Loaded System Directive: org.apache.velocity.runtime.directive.Break
2019-07-07 12:32:42,149 - Loaded System Directive: org.apache.velocity.runtime.directive.Evaluate
2019-07-07 12:32:42,149 - Loaded System Directive: org.apache.velocity.runtime.directive.Literal
2019-07-07 12:32:42,150 - Loaded System Directive: org.apache.velocity.runtime.directive.Macro
2019-07-07 12:32:42,151 - Loaded System Directive: org.apache.velocity.runtime.directive.Parse
2019-07-07 12:32:42,151 - Loaded System Directive: org.apache.velocity.runtime.directive.Include
2019-07-07 12:32:42,151 - Loaded System Directive: org.apache.velocity.runtime.directive.Foreach
2019-07-07 12:32:42,166 - Created '20' parsers.
2019-07-07 12:32:42,170 - Velocimacro : "velocimacro.library" is not set.  Trying default library: VM_global_library.vm
2019-07-07 12:32:42,170 - Could not load resource 'VM_global_library.vm' from ResourceLoader org.apache.velocity.runtime.resource.loader.ClasspathResourceLoader: ClasspathResourceLoader Error: cannot find resource VM_global_library.vm
2019-07-07 12:32:42,170 - Velocimacro : Default library not found.
2019-07-07 12:32:42,170 - Velocimacro : allowInline = true : VMs can be defined inline in templates
2019-07-07 12:32:42,170 - Velocimacro : allowInlineToOverride = false : VMs defined inline may NOT replace previous VM definitions
2019-07-07 12:32:42,170 - Velocimacro : allowInlineLocal = false : VMs defined inline will be global in scope if allowed.
2019-07-07 12:32:42,170 - Velocimacro : autoload off : VM system will not automatically reload global library macros
2019-07-07 12:32:42,186 - ResourceManager : found codetemplate/Entity.java.vm with loader org.apache.velocity.runtime.resource.loader.ClasspathResourceLoader
2019-07-07 12:32:42,200 - ResourceManager : found codetemplate/Mapper.java.vm with loader org.apache.velocity.runtime.resource.loader.ClasspathResourceLoader
2019-07-07 12:32:42,204 - ResourceManager : found codetemplate/Mapper.xml.vm with loader org.apache.velocity.runtime.resource.loader.ClasspathResourceLoader
2019-07-07 12:32:42,208 - ResourceManager : found codetemplate/Service.java.vm with loader org.apache.velocity.runtime.resource.loader.ClasspathResourceLoader
2019-07-07 12:32:42,211 - ResourceManager : found codetemplate/ServiceImpl.java.vm with loader org.apache.velocity.runtime.resource.loader.ClasspathResourceLoader
2019-07-07 12:32:42,211 - Null reference [template 'codetemplate/ServiceImpl.java.vm', line 1, column 20] : ${moduleName} cannot be resolved.
2019-07-07 12:32:42,217 - ResourceManager : found codetemplate/Controller.java.vm with loader org.apache.velocity.runtime.resource.loader.ClasspathResourceLoader
2019-07-07 12:32:42,221 - ResourceManager : found codetemplate/list.html.vm with loader org.apache.velocity.runtime.resource.loader.ClasspathResourceLoader
2019-07-07 12:32:42,230 - ResourceManager : found codetemplate/list.js.vm with loader org.apache.velocity.runtime.resource.loader.ClasspathResourceLoader
2019-07-07 12:32:42,238 - ResourceManager : found codetemplate/info.html.vm with loader org.apache.velocity.runtime.resource.loader.ClasspathResourceLoader
2019-07-07 12:32:42,243 - ResourceManager : found codetemplate/info.js.vm with loader org.apache.velocity.runtime.resource.loader.ClasspathResourceLoader
2019-07-07 12:32:42,247 - ResourceManager : found codetemplate/menu.sql.vm with loader org.apache.velocity.runtime.resource.loader.ClasspathResourceLoader
2019-07-07 12:32:55,183 - ResourceManager : found codetemplate/Entity.java.vm with loader org.apache.velocity.runtime.resource.loader.ClasspathResourceLoader
2019-07-07 12:32:55,185 - ResourceManager : found codetemplate/Mapper.java.vm with loader org.apache.velocity.runtime.resource.loader.ClasspathResourceLoader
2019-07-07 12:32:55,186 - ResourceManager : found codetemplate/Mapper.xml.vm with loader org.apache.velocity.runtime.resource.loader.ClasspathResourceLoader
2019-07-07 12:32:55,186 - ResourceManager : found codetemplate/Service.java.vm with loader org.apache.velocity.runtime.resource.loader.ClasspathResourceLoader
2019-07-07 12:32:55,187 - ResourceManager : found codetemplate/ServiceImpl.java.vm with loader org.apache.velocity.runtime.resource.loader.ClasspathResourceLoader
2019-07-07 12:32:55,187 - Null reference [template 'codetemplate/ServiceImpl.java.vm', line 1, column 20] : ${moduleName} cannot be resolved.
2019-07-07 12:32:55,187 - ResourceManager : found codetemplate/Controller.java.vm with loader org.apache.velocity.runtime.resource.loader.ClasspathResourceLoader
2019-07-07 12:32:55,188 - ResourceManager : found codetemplate/list.html.vm with loader org.apache.velocity.runtime.resource.loader.ClasspathResourceLoader
2019-07-07 12:32:55,189 - ResourceManager : found codetemplate/list.js.vm with loader org.apache.velocity.runtime.resource.loader.ClasspathResourceLoader
2019-07-07 12:32:55,190 - ResourceManager : found codetemplate/info.html.vm with loader org.apache.velocity.runtime.resource.loader.ClasspathResourceLoader
2019-07-07 12:32:55,190 - ResourceManager : found codetemplate/info.js.vm with loader org.apache.velocity.runtime.resource.loader.ClasspathResourceLoader
2019-07-07 12:32:55,191 - ResourceManager : found codetemplate/menu.sql.vm with loader org.apache.velocity.runtime.resource.loader.ClasspathResourceLoader
2019-07-08 10:12:07,901 - Log4JLogChute initialized using file 'velocity.log'
2019-07-08 10:12:07,902 - Initializing Velocity, Calling init()...
2019-07-08 10:12:07,902 - Starting Apache Velocity v1.7 (compiled: 2010-11-19 12:14:37)
2019-07-08 10:12:07,902 - Default Properties File: org\apache\velocity\runtime\defaults\velocity.properties
2019-07-08 10:12:07,902 - Trying to use logger class org.apache.velocity.runtime.log.AvalonLogChute
2019-07-08 10:12:07,902 - Target log system for org.apache.velocity.runtime.log.AvalonLogChute is not available (java.lang.NoClassDefFoundError: org/apache/log/format/Formatter).  Falling back to next log system...
2019-07-08 10:12:07,902 - Trying to use logger class org.apache.velocity.runtime.log.Log4JLogChute
2019-07-08 10:12:07,902 - Using logger class org.apache.velocity.runtime.log.Log4JLogChute
2019-07-08 10:12:07,907 - ResourceLoader instantiated: org.apache.velocity.runtime.resource.loader.ClasspathResourceLoader
2019-07-08 10:12:07,919 - ResourceCache: initialized (class org.apache.velocity.runtime.resource.ResourceCacheImpl) with class java.util.Collections$SynchronizedMap cache map.
2019-07-08 10:12:07,921 - Loaded System Directive: org.apache.velocity.runtime.directive.Stop
2019-07-08 10:12:07,923 - Loaded System Directive: org.apache.velocity.runtime.directive.Define
2019-07-08 10:12:07,925 - Loaded System Directive: org.apache.velocity.runtime.directive.Break
2019-07-08 10:12:07,927 - Loaded System Directive: org.apache.velocity.runtime.directive.Evaluate
2019-07-08 10:12:07,928 - Loaded System Directive: org.apache.velocity.runtime.directive.Literal
2019-07-08 10:12:07,930 - Loaded System Directive: org.apache.velocity.runtime.directive.Macro
2019-07-08 10:12:07,933 - Loaded System Directive: org.apache.velocity.runtime.directive.Parse
2019-07-08 10:12:07,936 - Loaded System Directive: org.apache.velocity.runtime.directive.Include
2019-07-08 10:12:07,938 - Loaded System Directive: org.apache.velocity.runtime.directive.Foreach
2019-07-08 10:12:07,972 - Created '20' parsers.
2019-07-08 10:12:07,983 - Velocimacro : "velocimacro.library" is not set.  Trying default library: VM_global_library.vm
2019-07-08 10:12:07,983 - Could not load resource 'VM_global_library.vm' from ResourceLoader org.apache.velocity.runtime.resource.loader.ClasspathResourceLoader: ClasspathResourceLoader Error: cannot find resource VM_global_library.vm
2019-07-08 10:12:07,983 - Velocimacro : Default library not found.
2019-07-08 10:12:07,983 - Velocimacro : allowInline = true : VMs can be defined inline in templates
2019-07-08 10:12:07,984 - Velocimacro : allowInlineToOverride = false : VMs defined inline may NOT replace previous VM definitions
2019-07-08 10:12:07,984 - Velocimacro : allowInlineLocal = false : VMs defined inline will be global in scope if allowed.
2019-07-08 10:12:07,984 - Velocimacro : autoload off : VM system will not automatically reload global library macros
2019-07-08 10:12:08,019 - ResourceManager : found codetemplate/Entity.java.vm with loader org.apache.velocity.runtime.resource.loader.ClasspathResourceLoader
2019-07-08 10:12:08,043 - ResourceManager : found codetemplate/Mapper.java.vm with loader org.apache.velocity.runtime.resource.loader.ClasspathResourceLoader
2019-07-08 10:12:08,051 - ResourceManager : found codetemplate/Mapper.xml.vm with loader org.apache.velocity.runtime.resource.loader.ClasspathResourceLoader
2019-07-08 10:12:08,059 - ResourceManager : found codetemplate/Service.java.vm with loader org.apache.velocity.runtime.resource.loader.ClasspathResourceLoader
2019-07-08 10:12:08,068 - ResourceManager : found codetemplate/ServiceImpl.java.vm with loader org.apache.velocity.runtime.resource.loader.ClasspathResourceLoader
2019-07-08 10:12:08,070 - Null reference [template 'codetemplate/ServiceImpl.java.vm', line 1, column 20] : ${moduleName} cannot be resolved.
2019-07-08 10:12:08,084 - ResourceManager : found codetemplate/Controller.java.vm with loader org.apache.velocity.runtime.resource.loader.ClasspathResourceLoader
2019-07-08 10:12:08,096 - ResourceManager : found codetemplate/list.html.vm with loader org.apache.velocity.runtime.resource.loader.ClasspathResourceLoader
2019-07-08 10:12:08,119 - ResourceManager : found codetemplate/list.js.vm with loader org.apache.velocity.runtime.resource.loader.ClasspathResourceLoader
2019-07-08 10:12:08,142 - ResourceManager : found codetemplate/info.html.vm with loader org.apache.velocity.runtime.resource.loader.ClasspathResourceLoader
2019-07-08 10:12:08,156 - ResourceManager : found codetemplate/info.js.vm with loader org.apache.velocity.runtime.resource.loader.ClasspathResourceLoader
2019-07-08 10:12:08,166 - ResourceManager : found codetemplate/menu.sql.vm with loader org.apache.velocity.runtime.resource.loader.ClasspathResourceLoader
2019-07-08 13:01:19,380 - Log4JLogChute initialized using file 'velocity.log'
2019-07-08 13:01:19,381 - Initializing Velocity, Calling init()...
2019-07-08 13:01:19,381 - Starting Apache Velocity v1.7 (compiled: 2010-11-19 12:14:37)
2019-07-08 13:01:19,381 - Default Properties File: org\apache\velocity\runtime\defaults\velocity.properties
2019-07-08 13:01:19,381 - Trying to use logger class org.apache.velocity.runtime.log.AvalonLogChute
2019-07-08 13:01:19,381 - Target log system for org.apache.velocity.runtime.log.AvalonLogChute is not available (java.lang.NoClassDefFoundError: org/apache/log/format/Formatter).  Falling back to next log system...
2019-07-08 13:01:19,381 - Trying to use logger class org.apache.velocity.runtime.log.Log4JLogChute
2019-07-08 13:01:19,381 - Using logger class org.apache.velocity.runtime.log.Log4JLogChute
2019-07-08 13:01:19,388 - ResourceLoader instantiated: org.apache.velocity.runtime.resource.loader.ClasspathResourceLoader
2019-07-08 13:01:19,401 - ResourceCache: initialized (class org.apache.velocity.runtime.resource.ResourceCacheImpl) with class java.util.Collections$SynchronizedMap cache map.
2019-07-08 13:01:19,403 - Loaded System Directive: org.apache.velocity.runtime.directive.Stop
2019-07-08 13:01:19,405 - Loaded System Directive: org.apache.velocity.runtime.directive.Define
2019-07-08 13:01:19,406 - Loaded System Directive: org.apache.velocity.runtime.directive.Break
2019-07-08 13:01:19,407 - Loaded System Directive: org.apache.velocity.runtime.directive.Evaluate
2019-07-08 13:01:19,408 - Loaded System Directive: org.apache.velocity.runtime.directive.Literal
2019-07-08 13:01:19,409 - Loaded System Directive: org.apache.velocity.runtime.directive.Macro
2019-07-08 13:01:19,410 - Loaded System Directive: org.apache.velocity.runtime.directive.Parse
2019-07-08 13:01:19,412 - Loaded System Directive: org.apache.velocity.runtime.directive.Include
2019-07-08 13:01:19,413 - Loaded System Directive: org.apache.velocity.runtime.directive.Foreach
2019-07-08 13:01:19,441 - Created '20' parsers.
2019-07-08 13:01:19,449 - Velocimacro : "velocimacro.library" is not set.  Trying default library: VM_global_library.vm
2019-07-08 13:01:19,450 - Could not load resource 'VM_global_library.vm' from ResourceLoader org.apache.velocity.runtime.resource.loader.ClasspathResourceLoader: ClasspathResourceLoader Error: cannot find resource VM_global_library.vm
2019-07-08 13:01:19,450 - Velocimacro : Default library not found.
2019-07-08 13:01:19,450 - Velocimacro : allowInline = true : VMs can be defined inline in templates
2019-07-08 13:01:19,450 - Velocimacro : allowInlineToOverride = false : VMs defined inline may NOT replace previous VM definitions
2019-07-08 13:01:19,450 - Velocimacro : allowInlineLocal = false : VMs defined inline will be global in scope if allowed.
2019-07-08 13:01:19,450 - Velocimacro : autoload off : VM system will not automatically reload global library macros
2019-07-08 13:01:19,492 - ResourceManager : found codetemplate/Entity.java.vm with loader org.apache.velocity.runtime.resource.loader.ClasspathResourceLoader
2019-07-08 13:01:19,520 - ResourceManager : found codetemplate/Mapper.java.vm with loader org.apache.velocity.runtime.resource.loader.ClasspathResourceLoader
2019-07-08 13:01:19,524 - ResourceManager : found codetemplate/Mapper.xml.vm with loader org.apache.velocity.runtime.resource.loader.ClasspathResourceLoader
2019-07-08 13:01:19,529 - ResourceManager : found codetemplate/Service.java.vm with loader org.apache.velocity.runtime.resource.loader.ClasspathResourceLoader
2019-07-08 13:01:19,534 - ResourceManager : found codetemplate/ServiceImpl.java.vm with loader org.apache.velocity.runtime.resource.loader.ClasspathResourceLoader
2019-07-08 13:01:19,535 - Null reference [template 'codetemplate/ServiceImpl.java.vm', line 1, column 20] : ${moduleName} cannot be resolved.
2019-07-08 13:01:19,544 - ResourceManager : found codetemplate/Controller.java.vm with loader org.apache.velocity.runtime.resource.loader.ClasspathResourceLoader
2019-07-08 13:01:19,558 - ResourceManager : found codetemplate/list.html.vm with loader org.apache.velocity.runtime.resource.loader.ClasspathResourceLoader
2019-07-08 13:01:19,566 - ResourceManager : found codetemplate/list.js.vm with loader org.apache.velocity.runtime.resource.loader.ClasspathResourceLoader
2019-07-08 13:01:19,581 - ResourceManager : found codetemplate/info.html.vm with loader org.apache.velocity.runtime.resource.loader.ClasspathResourceLoader
2019-07-08 13:01:19,593 - ResourceManager : found codetemplate/info.js.vm with loader org.apache.velocity.runtime.resource.loader.ClasspathResourceLoader
2019-07-08 13:01:19,597 - ResourceManager : found codetemplate/menu.sql.vm with loader org.apache.velocity.runtime.resource.loader.ClasspathResourceLoader
2019-07-13 18:56:52,374 - Log4JLogChute initialized using file 'velocity.log'
2019-07-13 18:56:52,374 - Initializing Velocity, Calling init()...
2019-07-13 18:56:52,374 - Starting Apache Velocity v1.7 (compiled: 2010-11-19 12:14:37)
2019-07-13 18:56:52,374 - Default Properties File: org\apache\velocity\runtime\defaults\velocity.properties
2019-07-13 18:56:52,374 - Trying to use logger class org.apache.velocity.runtime.log.AvalonLogChute
2019-07-13 18:56:52,374 - Target log system for org.apache.velocity.runtime.log.AvalonLogChute is not available (java.lang.NoClassDefFoundError: org/apache/log/format/Formatter).  Falling back to next log system...
2019-07-13 18:56:52,374 - Trying to use logger class org.apache.velocity.runtime.log.Log4JLogChute
2019-07-13 18:56:52,374 - Using logger class org.apache.velocity.runtime.log.Log4JLogChute
2019-07-13 18:56:52,378 - ResourceLoader instantiated: org.apache.velocity.runtime.resource.loader.ClasspathResourceLoader
2019-07-13 18:56:52,385 - ResourceCache: initialized (class org.apache.velocity.runtime.resource.ResourceCacheImpl) with class java.util.Collections$SynchronizedMap cache map.
2019-07-13 18:56:52,386 - Loaded System Directive: org.apache.velocity.runtime.directive.Stop
2019-07-13 18:56:52,386 - Loaded System Directive: org.apache.velocity.runtime.directive.Define
2019-07-13 18:56:52,387 - Loaded System Directive: org.apache.velocity.runtime.directive.Break
2019-07-13 18:56:52,387 - Loaded System Directive: org.apache.velocity.runtime.directive.Evaluate
2019-07-13 18:56:52,388 - Loaded System Directive: org.apache.velocity.runtime.directive.Literal
2019-07-13 18:56:52,388 - Loaded System Directive: org.apache.velocity.runtime.directive.Macro
2019-07-13 18:56:52,389 - Loaded System Directive: org.apache.velocity.runtime.directive.Parse
2019-07-13 18:56:52,390 - Loaded System Directive: org.apache.velocity.runtime.directive.Include
2019-07-13 18:56:52,390 - Loaded System Directive: org.apache.velocity.runtime.directive.Foreach
2019-07-13 18:56:52,406 - Created '20' parsers.
2019-07-13 18:56:52,410 - Velocimacro : "velocimacro.library" is not set.  Trying default library: VM_global_library.vm
2019-07-13 18:56:52,410 - Could not load resource 'VM_global_library.vm' from ResourceLoader org.apache.velocity.runtime.resource.loader.ClasspathResourceLoader: ClasspathResourceLoader Error: cannot find resource VM_global_library.vm
2019-07-13 18:56:52,410 - Velocimacro : Default library not found.
2019-07-13 18:56:52,410 - Velocimacro : allowInline = true : VMs can be defined inline in templates
2019-07-13 18:56:52,410 - Velocimacro : allowInlineToOverride = false : VMs defined inline may NOT replace previous VM definitions
2019-07-13 18:56:52,410 - Velocimacro : allowInlineLocal = false : VMs defined inline will be global in scope if allowed.
2019-07-13 18:56:52,410 - Velocimacro : autoload off : VM system will not automatically reload global library macros
2019-07-13 18:56:52,426 - ResourceManager : found codetemplate/Entity.java.vm with loader org.apache.velocity.runtime.resource.loader.ClasspathResourceLoader
2019-07-13 18:56:52,440 - ResourceManager : found codetemplate/Mapper.java.vm with loader org.apache.velocity.runtime.resource.loader.ClasspathResourceLoader
2019-07-13 18:56:52,441 - ResourceManager : found codetemplate/Mapper.xml.vm with loader org.apache.velocity.runtime.resource.loader.ClasspathResourceLoader
2019-07-13 18:56:52,441 - ResourceManager : found codetemplate/Service.java.vm with loader org.apache.velocity.runtime.resource.loader.ClasspathResourceLoader
2019-07-13 18:56:52,445 - ResourceManager : found codetemplate/ServiceImpl.java.vm with loader org.apache.velocity.runtime.resource.loader.ClasspathResourceLoader
2019-07-13 18:56:52,446 - Null reference [template 'codetemplate/ServiceImpl.java.vm', line 1, column 20] : ${moduleName} cannot be resolved.
2019-07-13 18:56:52,451 - ResourceManager : found codetemplate/Controller.java.vm with loader org.apache.velocity.runtime.resource.loader.ClasspathResourceLoader
2019-07-13 18:56:52,455 - ResourceManager : found codetemplate/list.html.vm with loader org.apache.velocity.runtime.resource.loader.ClasspathResourceLoader
2019-07-13 18:56:52,458 - ResourceManager : found codetemplate/list.js.vm with loader org.apache.velocity.runtime.resource.loader.ClasspathResourceLoader
2019-07-13 18:56:52,467 - ResourceManager : found codetemplate/info.html.vm with loader org.apache.velocity.runtime.resource.loader.ClasspathResourceLoader
2019-07-13 18:56:52,472 - ResourceManager : found codetemplate/info.js.vm with loader org.apache.velocity.runtime.resource.loader.ClasspathResourceLoader
2019-07-13 18:56:52,476 - ResourceManager : found codetemplate/menu.sql.vm with loader org.apache.velocity.runtime.resource.loader.ClasspathResourceLoader
